<?xml version="1.0" encoding="UTF-8"?>
<testsuite xmlns:xsi="http://www.w3.org/2001/XMLSchema-instance" xsi:noNamespaceSchemaLocation="https://maven.apache.org/surefire/maven-surefire-plugin/xsd/surefire-test-report.xsd" version="3.0.2" name="com.employee.management.EmployeeApplicationTests" time="11.366" tests="1" errors="0" skipped="0" failures="0">
  <properties>
[...]
</properties>
  <testcase name="contextLoads" classname="com.employee.management.EmployeeApplicationTests" time="2.109">
    <system-out><![CDATA[14:44:51.781 [main] INFO org.springframework.test.context.support.AnnotationConfigContextLoaderUtils -- Could not detect default configuration classes for test class [com.employee.management.EmployeeApplicationTests]: EmployeeApplicationTests does not declare any static, non-private, non-final, nested classes annotated with @Configuration.
14:44:52.041 [main] INFO org.springframework.boot.test.context.SpringBootTestContextBootstrapper -- Found @SpringBootConfiguration com.employee.management.EmployeeApplication for test class com.employee.management.EmployeeApplicationTests

  .   ____          _            __ _ _
 /\\ / ___'_ __ _ _(_)_ __  __ _ \ \ \ \
( ( )\___ | '_ | '_| | '_ \/ _` | \ \ \ \
 \\/  ___)| |_)| | | | | || (_| |  ) ) ) )
  '  |____| .__|_| |_|_| |_\__, | / / / /
 =========|_|==============|___/=/_/_/_/

 :: Spring Boot ::                (v3.4.4)

2025-03-29T14:44:53.085+05:30  INFO 12464 --- [employee] [           main] c.e.management.EmployeeApplicationTests  : Starting EmployeeApplicationTests using Java 17.0.11 with PID 12464 (started by aanoohya in C:\Practice\employee\employee-management-svc)
2025-03-29T14:44:53.088+05:30  INFO 12464 --- [employee] [           main] c.e.management.EmployeeApplicationTests  : No active profile set, falling back to 1 default profile: "default"
2025-03-29T14:44:54.807+05:30  INFO 12464 --- [employee] [           main] .s.d.r.c.RepositoryConfigurationDelegate : Bootstrapping Spring Data JPA repositories in DEFAULT mode.
2025-03-29T14:44:54.849+05:30  INFO 12464 --- [employee] [           main] .s.d.r.c.RepositoryConfigurationDelegate : Finished Spring Data repository scanning in 23 ms. Found 0 JPA repository interfaces.
2025-03-29T14:44:55.677+05:30  INFO 12464 --- [employee] [           main] o.hibernate.jpa.internal.util.LogHelper  : HHH000204: Processing PersistenceUnitInfo [name: default]
2025-03-29T14:44:55.792+05:30  INFO 12464 --- [employee] [           main] org.hibernate.Version                    : HHH000412: Hibernate ORM core version 6.0.0.Final
2025-03-29T14:44:56.125+05:30  WARN 12464 --- [employee] [           main] org.hibernate.orm.deprecation            : HHH90000021: Encountered deprecated setting [javax.persistence.sharedCache.mode], use [jakarta.persistence.sharedCache.mode] instead
2025-03-29T14:44:56.542+05:30  INFO 12464 --- [employee] [           main] com.zaxxer.hikari.HikariDataSource       : HikariPool-1 - Starting...
2025-03-29T14:44:57.284+05:30  INFO 12464 --- [employee] [           main] com.zaxxer.hikari.pool.HikariPool        : HikariPool-1 - Added connection com.mysql.cj.jdbc.ConnectionImpl@2dd3d39d
2025-03-29T14:44:57.290+05:30  INFO 12464 --- [employee] [           main] com.zaxxer.hikari.HikariDataSource       : HikariPool-1 - Start completed.
2025-03-29T14:44:57.350+05:30  INFO 12464 --- [employee] [           main] SQL dialect                              : HHH000400: Using dialect: org.hibernate.dialect.MySQL8Dialect
2025-03-29T14:44:57.350+05:30  WARN 12464 --- [employee] [           main] org.hibernate.orm.deprecation            : HHH90000026: MySQL8Dialect has been deprecated; use org.hibernate.dialect.MySQLDialect instead
2025-03-29T14:44:58.243+05:30  INFO 12464 --- [employee] [           main] o.h.e.t.j.p.i.JtaPlatformInitiator       : HHH000490: Using JtaPlatform implementation: [org.hibernate.engine.transaction.jta.platform.internal.NoJtaPlatform]
2025-03-29T14:44:58.271+05:30  INFO 12464 --- [employee] [           main] j.LocalContainerEntityManagerFactoryBean : Initialized JPA EntityManagerFactory for persistence unit 'default'
2025-03-29T14:44:58.963+05:30  WARN 12464 --- [employee] [           main] JpaBaseConfiguration$JpaWebConfiguration : spring.jpa.open-in-view is enabled by default. Therefore, database queries may be performed during view rendering. Explicitly configure spring.jpa.open-in-view to disable this warning
2025-03-29T14:45:00.176+05:30  INFO 12464 --- [employee] [           main] r$InitializeUserDetailsManagerConfigurer : Global AuthenticationManager configured with UserDetailsService bean with name inMemoryUserDetailsManager
2025-03-29T14:45:00.667+05:30  INFO 12464 --- [employee] [           main] c.e.management.EmployeeApplicationTests  : Started EmployeeApplicationTests in 8.233 seconds (process running for 10.57)
]]></system-out>
  </testcase>
</testsuite>